<?xml version="1.0" encoding="UTF-8"?>
<!-- Generated by org.testng.reporters.JUnitXMLReporter -->
<testsuite hostname="DESKTOP-EC491I0" ignored="0" name="Surefire test" tests="10" failures="0" timestamp="2020-03-04T11:14:38 IST" time="54.564" errors="0">
  <testcase name="openGmail" time="33.289" classname="ibmgroup.Automation_UI.HomePageTest"/>
  <testcase name="testMethod2" time="0.0" classname="ibmgroup.Automation_UI.HomePageTest"/>
  <testcase name="testMethod3" time="0.0" classname="ibmgroup.Automation_UI.HomePageTest"/>
  <testcase name="testMethod4" time="0.0" classname="ibmgroup.Automation_UI.HomePageTest"/>
  <testcase name="testMethod5" time="0.0" classname="ibmgroup.Automation_UI.HomePageTest"/>
  <testcase name="openFacebook" time="20.99" classname="ibmgroup.Automation_UI.LocationPageTest"/>
  <testcase name="testMethod_21" time="0.0" classname="ibmgroup.Automation_UI.LocationPageTest"/>
  <testcase name="testMethod_31" time="0.001" classname="ibmgroup.Automation_UI.LocationPageTest"/>
  <testcase name="testMethod_41" time="0.0" classname="ibmgroup.Automation_UI.LocationPageTest"/>
  <testcase name="testMethod_51" time="0.0" classname="ibmgroup.Automation_UI.LocationPageTest"/>
</testsuite> <!-- Surefire test -->
