<?xml version="1.0" encoding="UTF-8"?>
<!-- Generated by org.testng.reporters.JUnitXMLReporter -->
<testsuite hostname="DESKTOP-EC491I0" ignored="0" name="Surefire test" tests="8" failures="0" timestamp="2020-03-04T10:30:32 IST" time="0.375" errors="0">
  <testcase name="testMethod2" time="0.04" classname="ibmgroup.Automation_UI.HomePageTest"/>
  <testcase name="testMethod3" time="0.0" classname="ibmgroup.Automation_UI.HomePageTest"/>
  <testcase name="testMethod4" time="0.0" classname="ibmgroup.Automation_UI.HomePageTest"/>
  <testcase name="testMethod5" time="0.0" classname="ibmgroup.Automation_UI.HomePageTest"/>
  <testcase name="testMethod_21" time="0.002" classname="ibmgroup.Automation_UI.LocationPageTest"/>
  <testcase name="testMethod_31" time="0.0" classname="ibmgroup.Automation_UI.LocationPageTest"/>
  <testcase name="testMethod_41" time="0.01" classname="ibmgroup.Automation_UI.LocationPageTest"/>
  <testcase name="testMethod_51" time="0.0" classname="ibmgroup.Automation_UI.LocationPageTest"/>
</testsuite> <!-- Surefire test -->
