<?xml version="1.0" encoding="UTF-8"?>
<testng-results skipped="0" failed="0" ignored="0" total="10" passed="10">
  <reporter-output>
  </reporter-output>
  <suite name="Surefire suite" duration-ms="54564" started-at="2020-03-04T11:13:43 IST" finished-at="2020-03-04T11:14:37 IST">
    <groups>
    </groups>
    <test name="Surefire test" duration-ms="54564" started-at="2020-03-04T11:13:43 IST" finished-at="2020-03-04T11:14:37 IST">
      <class name="ibmgroup.Automation_UI.HomePageTest">
        <test-method status="PASS" signature="openGmail()[pri:0, instance:ibmgroup.Automation_UI.HomePageTest@1b604f19]" name="openGmail" duration-ms="33289" started-at="2020-03-04T11:13:43 IST" finished-at="2020-03-04T11:14:16 IST">
          <reporter-output>
          </reporter-output>
        </test-method> <!-- openGmail -->
        <test-method status="PASS" signature="testMethod2()[pri:0, instance:ibmgroup.Automation_UI.HomePageTest@1b604f19]" name="testMethod2" duration-ms="0" started-at="2020-03-04T11:14:16 IST" finished-at="2020-03-04T11:14:16 IST">
          <reporter-output>
          </reporter-output>
        </test-method> <!-- testMethod2 -->
        <test-method status="PASS" signature="testMethod3()[pri:0, instance:ibmgroup.Automation_UI.HomePageTest@1b604f19]" name="testMethod3" duration-ms="0" started-at="2020-03-04T11:14:16 IST" finished-at="2020-03-04T11:14:16 IST">
          <reporter-output>
          </reporter-output>
        </test-method> <!-- testMethod3 -->
        <test-method status="PASS" signature="testMethod5()[pri:0, instance:ibmgroup.Automation_UI.HomePageTest@1b604f19]" name="testMethod5" duration-ms="0" started-at="2020-03-04T11:14:16 IST" finished-at="2020-03-04T11:14:16 IST">
          <reporter-output>
          </reporter-output>
        </test-method> <!-- testMethod5 -->
        <test-method status="PASS" signature="testMethod4()[pri:0, instance:ibmgroup.Automation_UI.HomePageTest@1b604f19]" name="testMethod4" duration-ms="0" started-at="2020-03-04T11:14:16 IST" finished-at="2020-03-04T11:14:16 IST">
          <reporter-output>
          </reporter-output>
        </test-method> <!-- testMethod4 -->
      </class> <!-- ibmgroup.Automation_UI.HomePageTest -->
      <class name="ibmgroup.Automation_UI.LocationPageTest">
        <test-method status="PASS" signature="openFacebook()[pri:0, instance:ibmgroup.Automation_UI.LocationPageTest@7823a2f9]" name="openFacebook" duration-ms="20990" started-at="2020-03-04T11:14:16 IST" finished-at="2020-03-04T11:14:37 IST">
          <reporter-output>
          </reporter-output>
        </test-method> <!-- openFacebook -->
        <test-method status="PASS" signature="testMethod_21()[pri:0, instance:ibmgroup.Automation_UI.LocationPageTest@7823a2f9]" name="testMethod_21" duration-ms="0" started-at="2020-03-04T11:14:37 IST" finished-at="2020-03-04T11:14:37 IST">
          <reporter-output>
          </reporter-output>
        </test-method> <!-- testMethod_21 -->
        <test-method status="PASS" signature="testMethod_31()[pri:0, instance:ibmgroup.Automation_UI.LocationPageTest@7823a2f9]" name="testMethod_31" duration-ms="1" started-at="2020-03-04T11:14:37 IST" finished-at="2020-03-04T11:14:37 IST">
          <reporter-output>
          </reporter-output>
        </test-method> <!-- testMethod_31 -->
        <test-method status="PASS" signature="testMethod_41()[pri:0, instance:ibmgroup.Automation_UI.LocationPageTest@7823a2f9]" name="testMethod_41" duration-ms="0" started-at="2020-03-04T11:14:37 IST" finished-at="2020-03-04T11:14:37 IST">
          <reporter-output>
          </reporter-output>
        </test-method> <!-- testMethod_41 -->
        <test-method status="PASS" signature="testMethod_51()[pri:0, instance:ibmgroup.Automation_UI.LocationPageTest@7823a2f9]" name="testMethod_51" duration-ms="0" started-at="2020-03-04T11:14:37 IST" finished-at="2020-03-04T11:14:37 IST">
          <reporter-output>
          </reporter-output>
        </test-method> <!-- testMethod_51 -->
      </class> <!-- ibmgroup.Automation_UI.LocationPageTest -->
    </test> <!-- Surefire test -->
  </suite> <!-- Surefire suite -->
</testng-results>
