<?xml version="1.0" encoding="UTF-8"?>
<testng-results skipped="0" failed="0" ignored="0" total="2" passed="2">
  <reporter-output>
  </reporter-output>
  <suite name="Default suite" duration-ms="34951" started-at="2020-03-01T22:23:48 IST" finished-at="2020-03-01T22:24:23 IST">
    <groups>
    </groups>
    <test name="Default test" duration-ms="34951" started-at="2020-03-01T22:23:48 IST" finished-at="2020-03-01T22:24:23 IST">
      <class name="ibmgroup.Automation_UI.HomePageTest">
        <test-method status="PASS" signature="openGmail()[pri:0, instance:ibmgroup.Automation_UI.HomePageTest@1dfe2924]" name="openGmail" duration-ms="18483" started-at="2020-03-01T22:23:48 IST" finished-at="2020-03-01T22:24:07 IST">
          <reporter-output>
          </reporter-output>
        </test-method> <!-- openGmail -->
      </class> <!-- ibmgroup.Automation_UI.HomePageTest -->
      <class name="ibmgroup.Automation_UI.LocationPageTest">
        <test-method status="PASS" signature="openFacebook()[pri:0, instance:ibmgroup.Automation_UI.LocationPageTest@6ebc05a6]" name="openFacebook" duration-ms="16381" started-at="2020-03-01T22:24:07 IST" finished-at="2020-03-01T22:24:23 IST">
          <reporter-output>
          </reporter-output>
        </test-method> <!-- openFacebook -->
      </class> <!-- ibmgroup.Automation_UI.LocationPageTest -->
    </test> <!-- Default test -->
  </suite> <!-- Default suite -->
</testng-results>
